<?xml version="1.0" encoding="UTF-8"?>
<!-- Generated by org.testng.reporters.JUnitXMLReporter -->
<testsuite ignored="0" hostname="DESKTOP-5TL89NA" failures="2" tests="4" name="Allsoper app login" time="12.317" errors="0" timestamp="2022-02-14T12:10:50 PST">
  <testcase classname="com.qa.alsober.tests.LoginPageTest" name="verifySignupLinkTest" time="0.071">
    <failure type="java.lang.AssertionError" message="expected [false] but found [true]">
      <![CDATA[java.lang.AssertionError: expected [false] but found [true]
at com.qa.alsober.tests.LoginPageTest.verifySignupLinkTest(LoginPageTest.java:40)
at java.base/java.util.concurrent.ThreadPoolExecutor.runWorker(ThreadPoolExecutor.java:1136)
at java.base/java.util.concurrent.ThreadPoolExecutor$Worker.run(ThreadPoolExecutor.java:635)
at java.base/java.lang.Thread.run(Thread.java:833)
... Removed 17 stack frames]]>
    </failure>
  </testcase> <!-- verifySignupLinkTest -->
  <testcase classname="com.qa.alsober.tests.LoginPageTest" name="verifySignupLinkTest" time="0.078">
    <failure type="java.lang.NullPointerException" message="Cannot invoke &amp;quot;org.openqa.selenium.TakesScreenshot.getScreenshotAs(org.openqa.selenium.OutputType)&amp;quot; because the return value of &amp;quot;com.qa.alsober.base.BasePage.getDriver()&amp;quot; is null">
      <![CDATA[java.lang.NullPointerException: Cannot invoke "org.openqa.selenium.TakesScreenshot.getScreenshotAs(org.openqa.selenium.OutputType)" because the return value of "com.qa.alsober.base.BasePage.getDriver()" is null
at com.qa.alsober.base.BasePage.getScreenshot(BasePage.java:104)
at com.qa.alsober.testlisteners.ExtentReportListener.onTestFailure(ExtentReportListener.java:98)
at java.base/java.util.concurrent.ThreadPoolExecutor.runWorker(ThreadPoolExecutor.java:1136)
at java.base/java.util.concurrent.ThreadPoolExecutor$Worker.run(ThreadPoolExecutor.java:635)
at java.base/java.lang.Thread.run(Thread.java:833)
... Removed 9 stack frames]]>
    </failure>
  </testcase> <!-- verifySignupLinkTest -->
  <testcase classname="com.qa.alsober.tests.LoginPageTest" name="verifyLoginPageTitleTest" time="0.086"/>
  <testcase classname="com.qa.alsober.tests.LoginPageTest" name="logintest" time="2.864"/>
</testsuite> <!-- Allsoper app login -->
