<?xml version="1.0" encoding="UTF-8"?>
<!-- Generated by org.testng.reporters.JUnitXMLReporter -->
<testsuite ignored="0" hostname="DESKTOP-5TL89NA" failures="0" tests="5" name="Allsoper app Test1" time="84.514" errors="0" timestamp="2022-02-14T06:02:04 GMT-08:00">
  <testcase classname="com.qa.alsober.tests.HomePageTest" name="@BeforeClass HomePageSetUp" time="51.027">
    <failure type="java.lang.NullPointerException" message="Cannot invoke &amp;quot;org.openqa.selenium.WebElement.isDisplayed()&amp;quot; because &amp;quot;element&amp;quot; is null">
      <![CDATA[java.lang.NullPointerException: Cannot invoke "org.openqa.selenium.WebElement.isDisplayed()" because "element" is null
at org.openqa.selenium.support.ui.ExpectedConditions.elementIfVisible(ExpectedConditions.java:314)
at org.openqa.selenium.support.ui.ExpectedConditions.access$000(ExpectedConditions.java:43)
at org.openqa.selenium.support.ui.ExpectedConditions$10.apply(ExpectedConditions.java:300)
at org.openqa.selenium.support.ui.ExpectedConditions$10.apply(ExpectedConditions.java:297)
at org.openqa.selenium.support.ui.FluentWait.until(FluentWait.java:249)
at com.qa.alsober.utils.ElementUtil.waitForElementToBeVisible(ElementUtil.java:150)
at com.qa.allsober.pages.LoginPage.doLogin(LoginPage.java:50)
at com.qa.alsober.tests.HomePageTest.HomePageSetUp(HomePageTest.java:42)
at java.base/java.util.ArrayList.forEach(ArrayList.java:1511)
... Removed 25 stack frames]]>
    </failure>
  </testcase> <!-- @BeforeClass HomePageSetUp -->
  <testcase classname="com.qa.alsober.tests.HomePageTest" name="@AfterTest teardown" time="-1.644847324241E9">
    <skipped/>
  </testcase> <!-- @AfterTest teardown -->
  <testcase classname="com.qa.alsober.tests.LoginPageTest" name="@AfterTest teardown" time="-1.644847324244E9">
    <skipped/>
  </testcase> <!-- @AfterTest teardown -->
  <testcase classname="com.qa.alsober.tests.LoginPageTest" name="verifySignupLinkTest" time="0.084"/>
  <testcase classname="com.qa.alsober.tests.LoginPageTest" name="verifyLoginPageTitleTest" time="0.069"/>
  <testcase classname="com.qa.alsober.tests.LoginPageTest" name="logintest" time="4.037"/>
  <testcase classname="com.qa.alsober.tests.HomePageTest" name="VerifyLoggedinUserAccountName" time="0.0">
    <skipped/>
  </testcase> <!-- VerifyLoggedinUserAccountName -->
  <testcase classname="com.qa.alsober.tests.HomePageTest" name="VerifyLOgoutTextTest" time="0.0">
    <skipped/>
  </testcase> <!-- VerifyLOgoutTextTest -->
</testsuite> <!-- Allsoper app Test1 -->
